2023-01-16 14:51:23 [httpLog] {"method":"GET","url":"/","data":{},"startTime":"2023-01-16 14:51:23","endTime":"2023-01-16 14:51:23","timeLength":7}
2023-01-16 14:52:01 [httpLog] {"method":"GET","url":"/user","data":{},"startTime":"2023-01-16 14:52:01","endTime":"2023-01-16 14:52:01","timeLength":29}
2023-01-16 14:52:02 [httpLog] {"method":"POST","url":"/login","data":{"name":"admin","pwd":"admin"},"startTime":"2023-01-16 14:52:02","endTime":"2023-01-16 14:52:02","timeLength":1}
2023-01-16 14:52:02 [httpLog] {"method":"GET","url":"/user","data":{},"startTime":"2023-01-16 14:52:02","endTime":"2023-01-16 14:52:02","timeLength":5}
2023-01-16 15:02:07 [httpLog] {"method":"GET","url":"//newApplication","data":{},"startTime":"2023-01-16 15:02:07","endTime":"2023-01-16 15:02:07","timeLength":2}
2023-01-16 15:02:16 [httpLog] {"method":"GET","url":"/newApplication","data":{},"startTime":"2023-01-16 15:02:16","endTime":"2023-01-16 15:02:16","timeLength":5}
2023-01-16 15:04:01 [httpLog] {"method":"GET","url":"/newApplication","data":{},"startTime":"2023-01-16 15:04:01","endTime":"2023-01-16 15:04:01","timeLength":3}
2023-01-16 15:04:23 [httpLog] {"method":"GET","url":"/newApplication","data":{},"startTime":"2023-01-16 15:04:23","endTime":"2023-01-16 15:04:23","timeLength":3}
2023-01-16 15:04:30 [httpLog] {"method":"GET","url":"/newApplication","data":{},"startTime":"2023-01-16 15:04:30","endTime":"2023-01-16 15:04:30","timeLength":1}
2023-01-16 15:04:30 [httpLog] {"method":"GET","url":"/newApplication","data":{},"startTime":"2023-01-16 15:04:30","endTime":"2023-01-16 15:04:30","timeLength":1}
2023-01-16 15:04:52 [httpLog] {"method":"GET","url":"/newApplication","data":{},"startTime":"2023-01-16 15:04:52","endTime":"2023-01-16 15:04:52","timeLength":7}
2023-01-16 15:07:21 [httpLog] {"method":"GET","url":"/newApplication","data":{},"startTime":"2023-01-16 15:07:21","endTime":"2023-01-16 15:07:21","timeLength":4}
2023-01-16 15:11:48 [httpLog] {"method":"GET","url":"/newContext","data":{},"startTime":"2023-01-16 15:11:48","endTime":"2023-01-16 15:11:48","timeLength":6}
2023-01-16 15:12:04 [httpLog] {"method":"GET","url":"/newContext?id=100","data":{},"startTime":"2023-01-16 15:12:04","endTime":"2023-01-16 15:12:04","timeLength":4}
2023-01-16 15:17:32 [httpLog] {"method":"GET","url":"/newContext?id=100&name=user","data":{},"startTime":"2023-01-16 15:17:32","endTime":"2023-01-16 15:17:32","timeLength":5}
2023-01-16 15:24:59 [httpLog] {"method":"GET","url":"/newResponse","data":{},"startTime":"2023-01-16 15:24:59","endTime":"2023-01-16 15:24:59","timeLength":4}
2023-01-16 15:25:17 [httpLog] {"method":"GET","url":"/newResponse","data":{},"startTime":"2023-01-16 15:25:17","endTime":"2023-01-16 15:25:17","timeLength":2}
2023-01-16 15:26:40 [httpLog] {"method":"GET","url":"/newResponse","data":{},"startTime":"2023-01-16 15:26:40","endTime":"2023-01-16 15:26:40","timeLength":1}
2023-01-16 15:28:41 [httpLog] {"method":"GET","url":"/newResponse","data":{},"startTime":"2023-01-16 15:28:41","endTime":"2023-01-16 15:28:41","timeLength":4}
2023-01-16 15:46:16 [httpLog] {"method":"GET","url":"/user","data":{},"startTime":"2023-01-16 15:46:16","endTime":"2023-01-16 15:46:16","timeLength":23}
2023-01-16 15:46:19 [httpLog] {"method":"POST","url":"/login","data":{"name":"admin","pwd":"admin"},"startTime":"2023-01-16 15:46:19","endTime":"2023-01-16 15:46:19","timeLength":2}
2023-01-16 15:46:19 [httpLog] {"method":"GET","url":"/user","data":{},"startTime":"2023-01-16 15:46:19","endTime":"2023-01-16 15:46:19","timeLength":4}
2023-01-16 15:46:25 [httpLog] {"method":"GET","url":"/newResponse","data":{},"startTime":"2023-01-16 15:46:25","endTime":"2023-01-16 15:46:25","timeLength":1}
2023-01-16 21:24:05 [httpLog] {"method":"GET","url":"/user/lists","data":{},"startTime":"2023-01-16 21:24:04","endTime":"2023-01-16 21:24:05","timeLength":1509}
2023-01-16 21:28:17 [httpLog] {"method":"GET","url":"/user/lists","data":{},"startTime":"2023-01-16 21:28:17","endTime":"2023-01-16 21:28:17","timeLength":9}
2023-01-16 21:31:30 [httpLog] {"method":"GET","url":"/user/detail","data":{},"startTime":"2023-01-16 21:31:30","endTime":"2023-01-16 21:31:30","timeLength":3}
2023-01-16 21:31:35 [httpLog] {"method":"GET","url":"/user/detail2/100","data":{},"startTime":"2023-01-16 21:31:35","endTime":"2023-01-16 21:31:35","timeLength":21}
2023-01-16 21:31:42 [httpLog] {"method":"GET","url":"/user/detail","data":{},"startTime":"2023-01-16 21:31:42","endTime":"2023-01-16 21:31:42","timeLength":2}
2023-01-16 21:31:51 [httpLog] {"method":"GET","url":"/user","data":{},"startTime":"2023-01-16 21:31:51","endTime":"2023-01-16 21:31:51","timeLength":38}
2023-01-16 21:31:52 [httpLog] {"method":"POST","url":"/login","data":{"name":"admin","pwd":"admin"},"startTime":"2023-01-16 21:31:52","endTime":"2023-01-16 21:31:52","timeLength":0}
2023-01-16 21:31:52 [httpLog] {"method":"GET","url":"/user","data":{},"startTime":"2023-01-16 21:31:52","endTime":"2023-01-16 21:31:52","timeLength":5}
2023-01-16 21:31:57 [httpLog] {"method":"GET","url":"/user/detail","data":{},"startTime":"2023-01-16 21:31:57","endTime":"2023-01-16 21:31:57","timeLength":0}
2023-01-16 21:32:15 [httpLog] {"method":"GET","url":"/user/detail2/1","data":{},"startTime":"2023-01-16 21:32:15","endTime":"2023-01-16 21:32:15","timeLength":25}
2023-01-16 22:02:53 [httpLog] {"method":"GET","url":"/user/lists","data":{},"startTime":"2023-01-16 22:02:53","endTime":"2023-01-16 22:02:53","timeLength":28}
2023-01-16 22:03:20 [httpLog] {"method":"GET","url":"/user/lists","data":{},"startTime":"2023-01-16 22:03:20","endTime":"2023-01-16 22:03:20","timeLength":17}
2023-01-16 22:03:20 [httpLog] {"method":"GET","url":"/user/lists","data":{},"startTime":"2023-01-16 22:03:20","endTime":"2023-01-16 22:03:20","timeLength":7}
2023-01-16 22:03:27 [httpLog] {"method":"GET","url":"/user/lists","data":{},"startTime":"2023-01-16 22:03:27","endTime":"2023-01-16 22:03:27","timeLength":12}
2023-01-16 22:03:33 [httpLog] {"method":"GET","url":"/user/lists","data":{},"startTime":"2023-01-16 22:03:33","endTime":"2023-01-16 22:03:33","timeLength":13}
2023-01-16 22:04:44 [httpLog] {"method":"GET","url":"/user/lists","data":{},"startTime":"2023-01-16 22:04:44","endTime":"2023-01-16 22:04:44","timeLength":19}
2023-01-16 22:04:56 [httpLog] {"method":"GET","url":"/user/lists","data":{},"startTime":"2023-01-16 22:04:56","endTime":"2023-01-16 22:04:56","timeLength":8}
2023-01-16 22:06:24 [httpLog] {"method":"GET","url":"/user/detail?id=1","data":{},"startTime":"2023-01-16 22:06:24","endTime":"2023-01-16 22:06:24","timeLength":28}
